['train_0.h5', 'train_1.h5', 'train_10.h5', 'train_11.h5', 'train_12.h5', 'train_13.h5', 'train_14.h5', 'train_15.h5', 'train_16.h5', 'train_17.h5', 'train_18.h5', 'train_19.h5', 'train_2.h5', 'train_20.h5', 'train_22.h5', 'train_3.h5', 'train_4.h5', 'train_5.h5', 'train_6.h5', 'train_7.h5', 'train_8.h5', 'train_9.h5']
0
1
2
loss:  1.2356438636779785
domain_loss:  [0.40786561369895935, 0.2375473529100418, 0.003279035910964012]
domain_orth_loss:  [0.0, 8.498460268846486e-10, 1.1252523706654222e-13]
backbone_loss:  0.37155240774154663
bias_loss:  1.0400823157397099e-05
orth_loss:  1.6493980581344658e-07
concat_loss:  0.21249271929264069
embed_loss:  0.002896019024774432
---- testing epoch 0 ----
epoch 0
mix_auc: 0.5771890811455266
domain auc: 0.5810247873495884 0.5879254478447334 0.5761071381666535
3
4
5
loss:  0.9625640511512756
domain_loss:  [0.36752527952194214, 0.23717406392097473, 0.0024163813795894384]
domain_orth_loss:  [0.0, 9.107687937159881e-10, 1.0378419586405674e-13]
backbone_loss:  0.1845875084400177
bias_loss:  9.922724530042615e-06
orth_loss:  2.994853218751814e-07
concat_loss:  0.16471964120864868
embed_loss:  0.006130941212177277
---- testing epoch 0 ----
epoch 0
mix_auc: 0.6015660362967461
domain auc: 0.5996226990044193 0.6061050816794347 0.5841646692722694
6
7
8
loss:  0.9007078409194946
domain_loss:  [0.35562869906425476, 0.20698554813861847, 0.006331908982247114]
domain_orth_loss:  [0.0, 5.048599871493309e-10, 1.3049087635094714e-12]
backbone_loss:  0.1619817316532135
bias_loss:  9.526341273158323e-06
orth_loss:  1.0106456329594948e-06
concat_loss:  0.1614035665988922
embed_loss:  0.008365805260837078
---- testing epoch 0 ----
epoch 0
mix_auc: 0.6089627978274966
domain auc: 0.6068565531676329 0.6128039847077421 0.592717199312651
9
10
11
loss:  0.8610439896583557
domain_loss:  [0.3206658661365509, 0.20855548977851868, 0.0035096348728984594]
domain_orth_loss:  [0.0, 2.12318873593631e-09, 2.4941715224191183e-15]
backbone_loss:  0.1597636491060257
bias_loss:  9.194208359986078e-06
orth_loss:  2.92211609576043e-07
concat_loss:  0.15894214808940887
embed_loss:  0.009597732685506344
---- testing epoch 0 ----
epoch 0
mix_auc: 0.6106489220572037
domain auc: 0.6099820038590816 0.6155652673772302 0.5911483434006617
12
13
14
loss:  0.8360661268234253
domain_loss:  [0.31080392003059387, 0.19191069900989532, 0.005365313030779362]
domain_orth_loss:  [0.0, 2.8492026515891666e-09, 8.965251882414875e-16]
backbone_loss:  0.15898852050304413
bias_loss:  8.98279085959075e-06
orth_loss:  3.0174075504874054e-07
concat_loss:  0.15885066986083984
embed_loss:  0.010137652978301048
---- testing epoch 0 ----
epoch 0
mix_auc: 0.6089302111813336
domain auc: 0.6095055719527214 0.6150164202994552 0.5918373754732438
15
16
17
loss:  0.7891605496406555
domain_loss:  [0.29473358392715454, 0.18848682940006256, 0.0035479918587952852]
domain_orth_loss:  [0.0, 2.9908255871902156e-09, 1.658565684897989e-16]
backbone_loss:  0.14601834118366241
bias_loss:  8.81256528373342e-06
orth_loss:  1.3974596413390827e-06
concat_loss:  0.14612743258476257
embed_loss:  0.010236200876533985
---- testing epoch 0 ----
epoch 0
mix_auc: 0.6136971289898553
domain auc: 0.61177194083678 0.6170795028569326 0.5937252154288959
18
19
20
loss:  0.8375915288925171
domain_loss:  [0.29475149512290955, 0.17414657771587372, 0.004053584765642881]
domain_orth_loss:  [0.0, 7.105509514104824e-09, 4.493556901391754e-16]
backbone_loss:  0.17662018537521362
bias_loss:  8.631925084046088e-06
orth_loss:  1.611610628060589e-06
concat_loss:  0.17759345471858978
embed_loss:  0.010416002944111824
---- testing epoch 0 ----
epoch 0
mix_auc: 0.6172063921322953
domain auc: 0.6156838258204613 0.621083657132088 0.5958455505267811
21
loss:  0.8187379837036133
domain_loss:  [0.28031182289123535, 0.18013465404510498, 0.005282219965010881]
domain_orth_loss:  [0.0, 4.053407831605682e-09, 3.679194535838315e-13]
backbone_loss:  0.1718471795320511
bias_loss:  8.675415301695466e-06
orth_loss:  6.926396167727944e-07
concat_loss:  0.1706760674715042
embed_loss:  0.01047668606042862
---- testing epoch 0 ----
epoch 0
mix_auc: 0.6160148130558432
domain auc: 0.6146755738763681 0.6202298182559932 0.5964811992885484
0
1
2
loss:  0.7567911744117737
domain_loss:  [0.26371416449546814, 0.1772543042898178, 0.002979958662763238]
domain_orth_loss:  [0.0, 2.533304011009818e-09, 1.7440257506222314e-16]
backbone_loss:  0.15146280825138092
bias_loss:  8.558618901588488e-06
orth_loss:  1.4716550644777726e-08
concat_loss:  0.15115337073802948
embed_loss:  0.01021793857216835
---- testing epoch 1 ----
epoch 1
mix_auc: 0.6167059694526074
domain auc: 0.6150403653422355 0.6199763680903556 0.5956032167669363
3
4
5
loss:  0.8032205104827881
domain_loss:  [0.26835379004478455, 0.16009078919887543, 0.00392186688259244]
domain_orth_loss:  [0.0, 1.1019911205778499e-08, 7.229882924980613e-12]
backbone_loss:  0.17976322770118713
bias_loss:  8.364081622858066e-06
orth_loss:  2.4437197154725254e-08
concat_loss:  0.18036751449108124
embed_loss:  0.010714936070144176
---- testing epoch 1 ----
epoch 1
mix_auc: 0.6150662361907858
domain auc: 0.6130819257527882 0.618354016521969 0.5950275672808204
6
7
8
loss:  0.7644338011741638
domain_loss:  [0.2621472179889679, 0.15368442237377167, 0.004439214710146189]
domain_orth_loss:  [0.0, 1.1794413445898044e-08, 1.1375739217799052e-13]
backbone_loss:  0.16667108237743378
bias_loss:  8.277114829979837e-06
orth_loss:  1.7624207870881037e-08
concat_loss:  0.16627736389636993
embed_loss:  0.011206214316189289
---- testing epoch 1 ----
epoch 1
mix_auc: 0.6168448912585465
domain auc: 0.6149010614307374 0.6195718569196405 0.5987578689226107
9
10
11
loss:  0.7019216418266296
domain_loss:  [0.2454145848751068, 0.15551024675369263, 0.0038097738288342953]
domain_orth_loss:  [0.0, 4.657757290971176e-09, 3.206480653911159e-12]
backbone_loss:  0.14274117350578308
bias_loss:  8.284391697088722e-06
orth_loss:  1.3769098359261989e-06
concat_loss:  0.14263604581356049
embed_loss:  0.011800186708569527
---- testing epoch 1 ----
epoch 1
mix_auc: 0.6172218947856901
domain auc: 0.6152846852143145 0.6202839725446535 0.5967001498375821
12
13
14
loss:  0.8046772480010986
domain_loss:  [0.26149144768714905, 0.14423930644989014, 0.005584394559264183]
domain_orth_loss:  [0.0, 5.7296758448899254e-09, 7.474789287965217e-14]
backbone_loss:  0.19188587367534637
bias_loss:  8.30729550216347e-06
orth_loss:  5.3432984259416116e-08
concat_loss:  0.18930964171886444
embed_loss:  0.012158207595348358
---- testing epoch 1 ----
epoch 1
mix_auc: 0.6154539029538367
domain auc: 0.6136805447676246 0.6183600651745693 0.596109562637744
15
16
17
loss:  0.7107629179954529
domain_loss:  [0.23820923268795013, 0.1486353576183319, 0.004032345023006201]
domain_orth_loss:  [0.0, 9.781789600538104e-09, 3.922047487670867e-14]
backbone_loss:  0.153604194521904
bias_loss:  8.201149285014253e-06
orth_loss:  1.4857300811854657e-06
concat_loss:  0.15368346869945526
embed_loss:  0.012588669545948505
---- testing epoch 1 ----
epoch 1
mix_auc: 0.618333961547708
domain auc: 0.6163667695252266 0.6212762301770882 0.5986563668568736
18
19
20
loss:  0.653942883014679
domain_loss:  [0.23786495625972748, 0.13542474806308746, 0.0030439654365181923]
domain_orth_loss:  [0.0, 5.552785342644029e-09, 6.135586830269268e-14]
backbone_loss:  0.13224786520004272
bias_loss:  8.05394029157469e-06
orth_loss:  1.0925988647159102e-07
concat_loss:  0.13240937888622284
embed_loss:  0.012943791225552559
---- testing epoch 1 ----
epoch 1
mix_auc: 0.6174477793915727
domain auc: 0.6157776759531176 0.6203479474549783 0.598278952747962
21
loss:  0.6875302195549011
domain_loss:  [0.23230205476284027, 0.14480231702327728, 0.0015894739190116525]
domain_orth_loss:  [0.0, 1.3138954813030068e-08, 8.941865302741184e-16]
backbone_loss:  0.14806059002876282
bias_loss:  8.068430361163337e-06
orth_loss:  3.594078279434143e-08
concat_loss:  0.14778995513916016
embed_loss:  0.012977758422493935
---- testing epoch 1 ----
epoch 1
mix_auc: 0.6165100373690752
domain auc: 0.614856903231654 0.6190579384527696 0.5986426592303279
auc:  0.618333961547708
--------------------
0
1
2
loss:  1.2637441158294678
domain_loss:  [0.4062688648700714, 0.23718124628067017, 0.0048627546057105064]
domain_orth_loss:  [0.0, 1.4600309850010262e-09, 1.4284400214319842e-13]
backbone_loss:  0.4096403121948242
bias_loss:  1.0407563422631938e-05
orth_loss:  2.4622840655297296e-08
concat_loss:  0.20288334786891937
embed_loss:  0.0028970970306545496
---- testing epoch 0 ----
epoch 0
mix_auc: 0.5792570064346447
domain auc: 0.5852436889128414 0.5914555991177827 0.57748677152222
3
4
5
loss:  0.9603246450424194
domain_loss:  [0.3709620535373688, 0.23087377846240997, 0.005119122099131346]
domain_orth_loss:  [0.0, 7.650881039822366e-10, 2.848556978539635e-16]
backbone_loss:  0.18926692008972168
bias_loss:  9.93671164906118e-06
orth_loss:  7.957144589454401e-06
concat_loss:  0.15816530585289001
embed_loss:  0.005919500254094601
---- testing epoch 0 ----
epoch 0
mix_auc: 0.5864543376903577
domain auc: 0.5999813518187143 0.6064816238239257 0.5857718028951338
6
7
8
loss:  0.8537038564682007
domain_loss:  [0.3528183400630951, 0.2080153375864029, 0.005892230197787285]
domain_orth_loss:  [0.0, 8.152552521956125e-10, 2.640944320869698e-12]
backbone_loss:  0.14198999106884003
bias_loss:  9.529923772788607e-06
orth_loss:  1.2965006135345902e-05
concat_loss:  0.13698115944862366
embed_loss:  0.007984291762113571
---- testing epoch 0 ----
epoch 0
mix_auc: 0.6053073661340862
domain auc: 0.6037531519306752 0.6101219737550629 0.5919009154957898
9
10
11
loss:  0.8794739842414856
domain_loss:  [0.33436036109924316, 0.19470593333244324, 0.004171132575720549]
domain_orth_loss:  [0.0, 1.8215694508327829e-09, 1.2626169242431895e-17]
backbone_loss:  0.16855649650096893
bias_loss:  9.210823009198066e-06
orth_loss:  2.2126361898244795e-07
concat_loss:  0.1684236228466034
embed_loss:  0.009247029200196266
---- testing epoch 0 ----
epoch 0
mix_auc: 0.6092435837325588
domain auc: 0.6078593191019847 0.6138521904849946 0.5919487096860983
12
13
14
loss:  0.6673625111579895
domain_loss:  [0.3300206661224365, 0.15680772066116333, 0.010999155230820179]
domain_orth_loss:  [0.0, 9.85314520945968e-12, 7.225809099093124e-20]
backbone_loss:  0.07973536849021912
bias_loss:  9.029900866153184e-06
orth_loss:  1.5140222785703372e-05
concat_loss:  0.08002057671546936
embed_loss:  0.009754818864166737
---- testing epoch 0 ----
epoch 0
mix_auc: 0.6122704068996339
domain auc: 0.6097351172189744 0.6159134792331571 0.5917487517708863
15
16
17
loss:  0.7801348567008972
domain_loss:  [0.300335556268692, 0.181310772895813, 0.004496956709772348]
domain_orth_loss:  [0.0, 1.775627977984584e-09, 2.1944936214909314e-16]
backbone_loss:  0.14217577874660492
bias_loss:  8.928519491746556e-06
orth_loss:  8.072556170191092e-07
concat_loss:  0.14187182486057281
embed_loss:  0.009934217669069767
---- testing epoch 0 ----
epoch 0
mix_auc: 0.6157480469401921
domain auc: 0.6136982102067546 0.6197775207478997 0.5959029889887844
18
19
20
loss:  0.7453475594520569
domain_loss:  [0.2892254590988159, 0.17375507950782776, 0.002719393465667963]
domain_orth_loss:  [0.0, 1.5008375653380313e-09, 1.4804433993894842e-19]
backbone_loss:  0.13458432257175446
bias_loss:  8.758673175179865e-06
orth_loss:  3.0819105631962884e-06
concat_loss:  0.13476762175559998
embed_loss:  0.010283851996064186
---- testing epoch 0 ----
epoch 0
mix_auc: 0.6152763587396013
domain auc: 0.6131592246805506 0.6188145216388158 0.5958617615413384
21
loss:  0.8079977631568909
domain_loss:  [0.29207003116607666, 0.16979648172855377, 0.0031294659711420536]
domain_orth_loss:  [0.0, 2.90948132253277e-09, 8.103958076702365e-15]
backbone_loss:  0.16636043787002563
bias_loss:  8.693037671037018e-06
orth_loss:  2.2185299997090624e-07
concat_loss:  0.16622434556484222
embed_loss:  0.010408127680420876
---- testing epoch 0 ----
epoch 0
mix_auc: 0.6169179792656798
domain auc: 0.6147213989081901 0.6203989162978095 0.5968498086723953
0
1
2
loss:  0.7558730840682983
domain_loss:  [0.2787382900714874, 0.16113099455833435, 0.003964219707995653]
domain_orth_loss:  [0.0, 2.154835421208645e-09, 1.8010804436405237e-13]
backbone_loss:  0.15101712942123413
bias_loss:  8.562239599996246e-06
orth_loss:  2.3562379283248447e-06
concat_loss:  0.15106351673603058
embed_loss:  0.00994799379259348
---- testing epoch 1 ----
epoch 1
mix_auc: 0.6121781517266988
domain auc: 0.6102831097790168 0.6154652718552507 0.5949057587242931
3
4
5
loss:  0.7907008528709412
domain_loss:  [0.27608880400657654, 0.1527349054813385, 0.002854726044461131]
domain_orth_loss:  [0.0, 5.96652016682242e-09, 2.501170132145807e-15]
backbone_loss:  0.17451795935630798
bias_loss:  8.368178896489553e-06
orth_loss:  4.053744930843095e-07
concat_loss:  0.17396968603134155
embed_loss:  0.010526021011173725
---- testing epoch 1 ----
epoch 1
mix_auc: 0.6134749455858226
domain auc: 0.611578847734365 0.6168585209030492 0.5951315093006162
6
7
8
loss:  0.7446132898330688
domain_loss:  [0.2651948630809784, 0.14995965361595154, 0.003374972380697727]
domain_orth_loss:  [0.0, 5.86724002715755e-09, 2.352896252399289e-14]
backbone_loss:  0.15787750482559204
bias_loss:  8.339586202055216e-06
orth_loss:  9.937023293105085e-08
concat_loss:  0.15712931752204895
embed_loss:  0.0110685545951128
---- testing epoch 1 ----
epoch 1
mix_auc: 0.6171128934257532
domain auc: 0.6152903588912669 0.6196856651387169 0.5985799247843172
9
10
11
loss:  0.7073574066162109
domain_loss:  [0.2576960325241089, 0.1447574645280838, 0.003329075174406171]
domain_orth_loss:  [0.0, 4.090391581001995e-09, 3.453725207300945e-13]
backbone_loss:  0.14523988962173462
bias_loss:  8.288831850222778e-06
orth_loss:  1.1443096781249551e-07
concat_loss:  0.14451932907104492
embed_loss:  0.01180719118565321
---- testing epoch 1 ----
epoch 1
mix_auc: 0.6156816422432123
domain auc: 0.6139111078417872 0.6184499209901217 0.5970416070632562
12
13
14
loss:  0.7082980275154114
domain_loss:  [0.24532312154769897, 0.15139493346214294, 0.002985869301483035]
domain_orth_loss:  [0.0, 1.0278465190083352e-08, 1.1915350704803235e-13]
backbone_loss:  0.14836522936820984
bias_loss:  8.314199476444628e-06
orth_loss:  9.733660277788658e-08
concat_loss:  0.14793641865253448
embed_loss:  0.01228406373411417
---- testing epoch 1 ----
epoch 1
mix_auc: 0.6129021814482112
domain auc: 0.6112753759552441 0.6155334043586749 0.5952911406691633
15
16
17
loss:  0.7250687479972839
domain_loss:  [0.24139991402626038, 0.14902369678020477, 0.002375503536313772]
domain_orth_loss:  [0.0, 9.978371906527173e-09, 1.5464284488488702e-16]
backbone_loss:  0.15975400805473328
bias_loss:  8.22770016384311e-06
orth_loss:  7.12137932623591e-07
concat_loss:  0.15966489911079407
embed_loss:  0.01284173596650362
---- testing epoch 1 ----
epoch 1
mix_auc: 0.6153529666383245
domain auc: 0.6134681784510378 0.6177942197072789 0.5981057633830489
18
19
20
loss:  0.7078984975814819
domain_loss:  [0.22989095747470856, 0.14916080236434937, 0.0033677176106721163]
domain_orth_loss:  [0.0, 6.548315667487259e-09, 3.6543570253178004e-11]
backbone_loss:  0.1561364382505417
bias_loss:  8.248890480899718e-06
orth_loss:  1.2191367027014621e-08
concat_loss:  0.1560075879096985
embed_loss:  0.013326741755008698
---- testing epoch 1 ----
epoch 1
mix_auc: 0.6159154888040967
domain auc: 0.6140092135536857 0.6186994319879542 0.5983182538368312
21
loss:  0.7595677971839905
domain_loss:  [0.24323587119579315, 0.14075100421905518, 0.003358361078426242]
domain_orth_loss:  [0.0, 4.4929806541915696e-09, 1.1718409229088955e-11]
backbone_loss:  0.17962439358234406
bias_loss:  8.159799108398147e-06
orth_loss:  7.113479938425371e-08
concat_loss:  0.17921118438243866
embed_loss:  0.013378730043768883
---- testing epoch 1 ----
epoch 1
mix_auc: 0.6142065749431413
domain auc: 0.6128202374538773 0.6168872702259799 0.5967824426234843
auc:  0.6171128934257532
--------------------
0
1
2
loss:  1.2417612075805664
domain_loss:  [0.4044164717197418, 0.23930053412914276, 0.003875461872667074]
domain_orth_loss:  [0.0, 8.915175264689879e-10, 3.0339139221703296e-19]
backbone_loss:  0.4092496633529663
bias_loss:  1.0419014870421961e-05
orth_loss:  1.3470192072873033e-07
concat_loss:  0.18227683007717133
embed_loss:  0.0026316780131310225
---- testing epoch 0 ----
epoch 0
mix_auc: 0.5874591036291241
domain auc: 0.589271066009337 0.5953525236143615 0.5753146605691656
3
4
5
loss:  0.943649172782898
domain_loss:  [0.36400917172431946, 0.23584261536598206, 0.006187879480421543]
domain_orth_loss:  [0.0, 1.984236774887904e-09, 7.753367392560051e-12]
backbone_loss:  0.18357691168785095
bias_loss:  9.996173503168393e-06
orth_loss:  1.56785051785846e-06
concat_loss:  0.1486426442861557
embed_loss:  0.005378426052629948
---- testing epoch 0 ----
epoch 0
mix_auc: 0.5999200537584846
domain auc: 0.5976376825498245 0.6039186808510498 0.5833163935986175
6
7
8
loss:  0.8843528628349304
domain_loss:  [0.3500693440437317, 0.21428491175174713, 0.0035585740115493536]
domain_orth_loss:  [0.0, 1.917534131479215e-09, 1.1596937602928459e-12]
backbone_loss:  0.1560177057981491
bias_loss:  9.589703040546738e-06
orth_loss:  8.855170676724811e-07
concat_loss:  0.15282925963401794
embed_loss:  0.007582588121294975
---- testing epoch 0 ----
epoch 0
mix_auc: 0.6039445855445233
domain auc: 0.6013089689442161 0.6076031529895325 0.5913877201446296
9
10
11
loss:  0.8414671421051025
domain_loss:  [0.32675912976264954, 0.20181922614574432, 0.002868824638426304]
domain_orth_loss:  [0.0, 1.970156482400398e-09, 1.3052198558411083e-15]
backbone_loss:  0.1505982130765915
bias_loss:  9.230700015905313e-06
orth_loss:  1.6386564311687835e-05
concat_loss:  0.15046446025371552
embed_loss:  0.008931716904044151
---- testing epoch 0 ----
epoch 0
mix_auc: 0.6089956423674526
domain auc: 0.6077810586611574 0.613526698606026 0.5927716972816466
12
13
14
loss:  0.8359148502349854
domain_loss:  [0.30827105045318604, 0.19526909291744232, 0.00456903874874115]
domain_orth_loss:  [0.0, 4.5089776357087885e-09, 2.1722135808838194e-12]
backbone_loss:  0.15920361876487732
bias_loss:  9.031753506860696e-06
orth_loss:  2.5229581979147042e-08
concat_loss:  0.15916822850704193
embed_loss:  0.009424726478755474
---- testing epoch 0 ----
epoch 0
mix_auc: 0.6082893943605391
domain auc: 0.6086714201144446 0.6148295627681963 0.591919146575546
15
16
17
loss:  0.8351776599884033
domain_loss:  [0.30411025881767273, 0.18224148452281952, 0.003807472065091133]
domain_orth_loss:  [0.0, 3.703624518180959e-09, 5.34628927500308e-13]
backbone_loss:  0.16813300549983978
bias_loss:  8.800589966995176e-06
orth_loss:  2.0146137558185728e-07
concat_loss:  0.16737547516822815
embed_loss:  0.009501002728939056
---- testing epoch 0 ----
epoch 0
mix_auc: 0.6158159966195468
domain auc: 0.6143024534976192 0.619930217104295 0.5965663430204393
18
19
20
loss:  0.7845885753631592
domain_loss:  [0.29366299510002136, 0.17310898005962372, 0.0021166231017559767]
domain_orth_loss:  [0.0, 1.8245920330173249e-09, 8.539633410131753e-12]
backbone_loss:  0.15318644046783447
bias_loss:  8.585383511672262e-06
orth_loss:  7.451112651324365e-07
concat_loss:  0.1526665836572647
embed_loss:  0.009837653487920761
---- testing epoch 0 ----
epoch 0
mix_auc: 0.6146330396716024
domain auc: 0.6124992070384669 0.6177499597917376 0.5958046148292994
21
loss:  0.7465984225273132
domain_loss:  [0.2887619733810425, 0.1676672399044037, 0.003886929014697671]
domain_orth_loss:  [0.0, 1.0361552726934065e-09, 4.7698915130178765e-12]
backbone_loss:  0.1382339894771576
bias_loss:  8.56601673149271e-06
orth_loss:  7.56214824093604e-09
concat_loss:  0.13809160888195038
embed_loss:  0.009948072955012321
---- testing epoch 0 ----
epoch 0
mix_auc: 0.6155433382021631
domain auc: 0.6131980889134614 0.6189786663157899 0.5962514279933097
0
1
2
loss:  0.7912954688072205
domain_loss:  [0.27504363656044006, 0.16934643685817719, 0.002767994999885559]
domain_orth_loss:  [0.0, 4.730622116255745e-09, 6.4978854554567256e-18]
backbone_loss:  0.167472705245018
bias_loss:  8.421612619713414e-06
orth_loss:  4.0511650922780973e-07
concat_loss:  0.16706860065460205
embed_loss:  0.00958729162812233
---- testing epoch 1 ----
epoch 1
mix_auc: 0.6149310674053768
domain auc: 0.6138447222672353 0.6186905741390655 0.5982920638180458
3
4
5
loss:  0.7559153437614441
domain_loss:  [0.2547879219055176, 0.16969208419322968, 0.0034543725196272135]
domain_orth_loss:  [0.0, 5.3938693511668134e-09, 4.2412144043994695e-16]
backbone_loss:  0.15868423879146576
bias_loss:  8.36675644677598e-06
orth_loss:  4.1687229668241343e-08
concat_loss:  0.158901646733284
embed_loss:  0.010386670008301735
---- testing epoch 1 ----
epoch 1
mix_auc: 0.6142608556474564
domain auc: 0.6124425559412455 0.6171410016627901 0.5952990566256235
6
7
8
loss:  0.7134157419204712
domain_loss:  [0.25830918550491333, 0.15338513255119324, 0.003812643000856042]
domain_orth_loss:  [0.0, 1.293952722747349e-09, 1.2825917411474208e-11]
backbone_loss:  0.14321444928646088
bias_loss:  8.230529601860326e-06
orth_loss:  3.253806539760262e-07
concat_loss:  0.14374084770679474
embed_loss:  0.010944952256977558
---- testing epoch 1 ----
epoch 1
mix_auc: 0.6151730557572788
domain auc: 0.6132278256259304 0.617650119179211 0.5980165177044305
9
10
11
loss:  0.738939106464386
domain_loss:  [0.2586459219455719, 0.1471795290708542, 0.0031600643415004015]
domain_orth_loss:  [0.0, 1.2877518607012917e-08, 2.9559113403493376e-12]
backbone_loss:  0.1594039350748062
bias_loss:  8.054289537540171e-06
orth_loss:  1.3836583434567729e-07
concat_loss:  0.15902738273143768
embed_loss:  0.011514122597873211
---- testing epoch 1 ----
epoch 1
mix_auc: 0.618924072043285
domain auc: 0.6172314055080194 0.6216396292327462 0.5976912461890593
12
13
14
loss:  0.7226943969726562
domain_loss:  [0.24333356320858002, 0.15508267283439636, 0.002617771038785577]
domain_orth_loss:  [0.0, 1.322807197112752e-08, 2.439985713476034e-12]
backbone_loss:  0.15484248101711273
bias_loss:  8.090497431112453e-06
orth_loss:  9.896666597342119e-07
concat_loss:  0.1548948585987091
embed_loss:  0.011913985945284367
---- testing epoch 1 ----
epoch 1
mix_auc: 0.6128188150410897
domain auc: 0.6113289155651266 0.6146139034252394 0.5942735751432913
15
16
17
loss:  0.700442373752594
domain_loss:  [0.24341759085655212, 0.1428832709789276, 0.004185937345027924]
domain_orth_loss:  [0.0, 1.1704718083649368e-08, 3.828597053105731e-13]
backbone_loss:  0.1489028036594391
bias_loss:  8.002873073564842e-06
orth_loss:  2.1358139701277423e-09
concat_loss:  0.14861346781253815
embed_loss:  0.012431303970515728
---- testing epoch 1 ----
epoch 1
mix_auc: 0.6140433398609036
domain auc: 0.612226429493863 0.6165093603970306 0.5960006332534079
18
19
20
loss:  0.6990729570388794
domain_loss:  [0.23726637661457062, 0.14100344479084015, 0.003393478924408555]
domain_orth_loss:  [0.0, 8.333324252873808e-09, 1.1367910600487349e-13]
backbone_loss:  0.15281029045581818
bias_loss:  7.935450412333012e-06
orth_loss:  2.217671202231486e-08
concat_loss:  0.15175460278987885
embed_loss:  0.012836805544793606
---- testing epoch 1 ----
epoch 1
mix_auc: 0.6184697829209315
domain auc: 0.6168079426242213 0.6210338617956546 0.5994099645253419
21
loss:  0.7003538012504578
domain_loss:  [0.23443105816841125, 0.14326557517051697, 0.0022979145869612694]
domain_orth_loss:  [0.0, 9.40257027792768e-09, 1.3358580599385335e-17]
backbone_loss:  0.15378537774085999
bias_loss:  7.92121954873437e-06
orth_loss:  1.786996683961206e-08
concat_loss:  0.15367648005485535
embed_loss:  0.012889465317130089
---- testing epoch 1 ----
epoch 1
mix_auc: 0.6165618430987644
domain auc: 0.6147813352306475 0.6192162742861864 0.597995405406016
auc:  0.6184697829209315
--------------------
0
1
2
loss:  1.2244662046432495
domain_loss:  [0.39311641454696655, 0.25006645917892456, 0.0045250179246068]
domain_orth_loss:  [0.0, 7.543397573250843e-10, 9.09950808686234e-15]
backbone_loss:  0.38787001371383667
bias_loss:  1.0408281013951637e-05
orth_loss:  6.833827392860314e-10
concat_loss:  0.18636003136634827
embed_loss:  0.0025177609641104937
---- testing epoch 0 ----
epoch 0
mix_auc: 0.5883506158695495
domain auc: 0.5865957479430786 0.593119483384733 0.5787397910549149
3
4
5
loss:  0.958024263381958
domain_loss:  [0.37411975860595703, 0.22897548973560333, 0.003914201632142067]
domain_orth_loss:  [0.0, 1.0937171168734494e-09, 5.016089078098319e-17]
backbone_loss:  0.18560968339443207
bias_loss:  9.918271643982735e-06
orth_loss:  4.434591573954094e-06
concat_loss:  0.159965381026268
embed_loss:  0.005425464361906052
---- testing epoch 0 ----
epoch 0
mix_auc: 0.6021623757454763
domain auc: 0.5995885638835682 0.6061968787145955 0.5840688250760401
6
7
8
loss:  0.8859632611274719
domain_loss:  [0.3520304262638092, 0.21115364134311676, 0.004767584148794413]
domain_orth_loss:  [0.0, 1.7196846169298396e-09, 1.1812505489006923e-15]
backbone_loss:  0.15625052154064178
bias_loss:  9.508110451861285e-06
orth_loss:  3.8239551258811844e-07
concat_loss:  0.15420538187026978
embed_loss:  0.007545741740614176
---- testing epoch 0 ----
epoch 0
mix_auc: 0.6079358727408751
domain auc: 0.6057501924375249 0.6116238359269917 0.5920760464711591
9
10
11
loss:  0.8801077604293823
domain_loss:  [0.32366105914115906, 0.2067761868238449, 0.0026038833893835545]
domain_orth_loss:  [0.0, 4.113203999622783e-09, 8.153154511285058e-18]
backbone_loss:  0.16930079460144043
bias_loss:  9.141572263615672e-06
orth_loss:  7.457949777744943e-06
concat_loss:  0.16891266405582428
embed_loss:  0.008836613968014717
---- testing epoch 0 ----
epoch 0
mix_auc: 0.6084939838575976
domain auc: 0.6082427780275897 0.6137637408867223 0.5928253584770808
12
13
14
loss:  0.8071019053459167
domain_loss:  [0.30962759256362915, 0.1920291930437088, 0.0046547940000891685]
domain_orth_loss:  [0.0, 2.4841395607211325e-09, 8.362609243322064e-14]
backbone_loss:  0.14571574330329895
bias_loss:  8.933735443861224e-06
orth_loss:  3.382823706488125e-06
concat_loss:  0.14557139575481415
embed_loss:  0.009490929543972015
---- testing epoch 0 ----
epoch 0
mix_auc: 0.6116638129111125
domain auc: 0.6093735059056183 0.6147673170348508 0.5920180543197184
15
16
17
loss:  0.8167056441307068
domain_loss:  [0.3071952760219574, 0.17800834774971008, 0.0037840583827346563]
domain_orth_loss:  [0.0, 1.2441310204280853e-09, 7.049951172948598e-17]
backbone_loss:  0.15915200114250183
bias_loss:  8.718106073501986e-06
orth_loss:  8.267626867564104e-07
concat_loss:  0.1588888317346573
embed_loss:  0.009667553938925266
---- testing epoch 0 ----
epoch 0
mix_auc: 0.6161000102859946
domain auc: 0.6143214372724968 0.6195705593130005 0.5958652019955721
18
19
20
loss:  0.8135455846786499
domain_loss:  [0.2958182394504547, 0.17235678434371948, 0.0036770524457097054]
domain_orth_loss:  [0.0, 5.256976631784482e-09, 2.9295888089551914e-13]
backbone_loss:  0.16612249612808228
bias_loss:  8.529690603609197e-06
orth_loss:  9.045485853675928e-07
concat_loss:  0.16559697687625885
embed_loss:  0.00996459275484085
---- testing epoch 0 ----
epoch 0
mix_auc: 0.6180072625339947
domain auc: 0.6158381924175577 0.621075498296041 0.5975601841324728
21
loss:  0.8064547181129456
domain_loss:  [0.2876347005367279, 0.17311415076255798, 0.004009281285107136]
domain_orth_loss:  [0.0, 3.5724139202386596e-09, 4.3635892247562385e-16]
backbone_loss:  0.166067972779274
bias_loss:  8.520942174072843e-06
orth_loss:  7.464389568667684e-07
concat_loss:  0.1655789017677307
embed_loss:  0.010040462017059326
---- testing epoch 0 ----
epoch 0
mix_auc: 0.6194112516590328
domain auc: 0.617168685173746 0.6224636467458295 0.5976227385600895
0
1
2
loss:  0.7843685150146484
domain_loss:  [0.2788933217525482, 0.16597534716129303, 0.0023487682919949293]
domain_orth_loss:  [0.0, 2.9221136621515598e-09, 4.5187618702207874e-14]
backbone_loss:  0.16377738118171692
bias_loss:  8.32790283311624e-06
orth_loss:  5.994877483317396e-08
concat_loss:  0.16362199187278748
embed_loss:  0.009743276052176952
---- testing epoch 1 ----
epoch 1
mix_auc: 0.6127883272368855
domain auc: 0.6111275820930093 0.6161031434042405 0.5948283273593822
3
4
5
loss:  0.7297442555427551
domain_loss:  [0.2614190876483917, 0.16039814054965973, 0.004241994582116604]
domain_orth_loss:  [0.0, 3.4902700729588787e-09, 6.9605927704335154e-15]
backbone_loss:  0.14666025340557098
bias_loss:  8.250086466432549e-06
orth_loss:  3.0082312605372863e-06
concat_loss:  0.14645487070083618
embed_loss:  0.01055859588086605
---- testing epoch 1 ----
epoch 1
mix_auc: 0.6164580639372877
domain auc: 0.6146495383255168 0.6191686434326956 0.5962595310163807
6
7
8
loss:  0.6886299252510071
domain_loss:  [0.24583815038204193, 0.16369588673114777, 0.0031750956550240517]
domain_orth_loss:  [0.0, 3.429495132323268e-09, 1.6750334877002702e-15]
backbone_loss:  0.13254757225513458
bias_loss:  8.21272078610491e-06
orth_loss:  8.995510114573335e-08
concat_loss:  0.13232414424419403
embed_loss:  0.011040745303034782
---- testing epoch 1 ----
epoch 1
mix_auc: 0.6165758393856952
domain auc: 0.6145408516335358 0.6194719226024631 0.5983276939413232
9
10
11
loss:  0.6670511364936829
domain_loss:  [0.2523804306983948, 0.14660650491714478, 0.0022736776154488325]
domain_orth_loss:  [0.0, 2.721262770677413e-09, 1.6812634150273256e-15]
backbone_loss:  0.1273067742586136
bias_loss:  8.02538670541253e-06
orth_loss:  1.3017339028920105e-07
concat_loss:  0.12684278190135956
embed_loss:  0.011632801964879036
---- testing epoch 1 ----
epoch 1
mix_auc: 0.6144717262186572
domain auc: 0.6126675218582746 0.6170157486421675 0.5965908274862646
12
13
14
loss:  0.666975200176239
domain_loss:  [0.29486554861068726, 0.0944683849811554, 0.005644107703119516]
domain_orth_loss:  [0.0, 4.3901515756061826e-10, 5.086616891580853e-12]
backbone_loss:  0.1310754418373108
bias_loss:  7.714153980487026e-06
orth_loss:  3.485195065877633e-08
concat_loss:  0.12888853251934052
embed_loss:  0.012025391682982445
---- testing epoch 1 ----
epoch 1
mix_auc: 0.6146538690606893
domain auc: 0.61292423476194 0.6171940442569579 0.5967153523793911
15
16
17
loss:  0.7335303425788879
domain_loss:  [0.24277976155281067, 0.1474575698375702, 0.0033092338126152754]
domain_orth_loss:  [0.0, 1.2572757945861213e-08, 2.9053219926427135e-14]
backbone_loss:  0.1639951765537262
bias_loss:  7.982325769262388e-06
orth_loss:  1.9017608110516449e-07
concat_loss:  0.16356495022773743
embed_loss:  0.012415478937327862
---- testing epoch 1 ----
epoch 1
mix_auc: 0.6160683630029846
domain auc: 0.6141887346301211 0.6186098030715592 0.5986110354984429
18
19
20
loss:  0.7107090353965759
domain_loss:  [0.23961134254932404, 0.13903926312923431, 0.004520439077168703]
domain_orth_loss:  [0.0, 5.5127777898178465e-09, 5.313927466457646e-13]
backbone_loss:  0.15731927752494812
bias_loss:  7.972514140419662e-06
orth_loss:  1.3907110485433805e-07
concat_loss:  0.1574244648218155
embed_loss:  0.012786106206476688
---- testing epoch 1 ----
epoch 1
mix_auc: 0.6154880877564008
domain auc: 0.61351605855198 0.618270037941233 0.598433928595889
21
loss:  0.673575222492218
domain_loss:  [0.22700287401676178, 0.1468387246131897, 0.0037116154562681913]
domain_orth_loss:  [0.0, 1.1200927296783902e-08, 2.6370532493769083e-11]
backbone_loss:  0.14163058996200562
bias_loss:  7.961987648741342e-06
orth_loss:  1.9684978269651765e-07
concat_loss:  0.1415511816740036
embed_loss:  0.012832080945372581
---- testing epoch 1 ----
epoch 1
mix_auc: 0.6174265999481962
domain auc: 0.6156208940393589 0.6204075503683436 0.6010850520877389
auc:  0.6194112516590328
--------------------
0
1
2
loss:  1.2005040645599365
domain_loss:  [0.39580896496772766, 0.2480204999446869, 0.004220533184707165]
domain_orth_loss:  [0.0, 2.4587687441623984e-10, 9.883452537897482e-16]
backbone_loss:  0.36237385869026184
bias_loss:  1.0397415280749556e-05
orth_loss:  6.357587523098118e-08
concat_loss:  0.18733051419258118
embed_loss:  0.0027392262127250433
---- testing epoch 0 ----
epoch 0
mix_auc: 0.5870668823446128
domain auc: 0.5905128948719471 0.5959341192865684 0.5780847871961027
3
4
5
loss:  0.9849802851676941
domain_loss:  [0.3822496831417084, 0.22097896039485931, 0.004588964395225048]
domain_orth_loss:  [0.0, 9.015271862367058e-10, 3.2014357748052233e-15]
backbone_loss:  0.1941029131412506
bias_loss:  9.954535016731825e-06
orth_loss:  3.1931426747178193e-07
concat_loss:  0.17751382291316986
embed_loss:  0.005535648670047522
---- testing epoch 0 ----
epoch 0
mix_auc: 0.5976010768136445
domain auc: 0.6005256198274864 0.607023196419751 0.5850908548963181
6
7
8
loss:  0.8929226398468018
domain_loss:  [0.33943572640419006, 0.225905179977417, 0.003365312237292528]
domain_orth_loss:  [0.0, 5.40114231117883e-10, 2.4269228238795208e-15]
backbone_loss:  0.15927210450172424
bias_loss:  9.598997166904155e-06
orth_loss:  5.189571652408631e-07
concat_loss:  0.1574144810438156
embed_loss:  0.007519698701798916
---- testing epoch 0 ----
epoch 0
mix_auc: 0.6064492311803275
domain auc: 0.6057402777636606 0.6115994224218572 0.5919263311350658
9
10
11
loss:  0.7878653407096863
domain_loss:  [0.3358086347579956, 0.1894073635339737, 0.0030188981909304857]
domain_orth_loss:  [0.0, 8.983323529498932e-10, 4.550615526760504e-13]
backbone_loss:  0.12572571635246277
bias_loss:  9.18056412047008e-06
orth_loss:  1.1102770258730743e-05
concat_loss:  0.12507781386375427
embed_loss:  0.008806643076241016
---- testing epoch 0 ----
epoch 0
mix_auc: 0.6091222033410492
domain auc: 0.6067563065973363 0.6124312381256539 0.5918231625704231
12
13
14
loss:  0.8261003494262695
domain_loss:  [0.31097355484962463, 0.19301629066467285, 0.003873656503856182]
domain_orth_loss:  [0.0, 3.307874196778471e-09, 1.1554762138418773e-12]
backbone_loss:  0.15453577041625977
bias_loss:  9.016112016979605e-06
orth_loss:  1.6284517414533184e-06
concat_loss:  0.15426687896251678
embed_loss:  0.009423639625310898
---- testing epoch 0 ----
epoch 0
mix_auc: 0.6063672575397195
domain auc: 0.6085144087816012 0.614360063774029 0.5916163492820868
15
16
17
loss:  0.7598481774330139
domain_loss:  [0.29958024621009827, 0.18101170659065247, 0.004187209066003561]
domain_orth_loss:  [0.0, 6.206091196503394e-10, 1.8967797167993017e-13]
backbone_loss:  0.13280804455280304
bias_loss:  8.83846587385051e-06
orth_loss:  5.054408575233538e-06
concat_loss:  0.13264679908752441
embed_loss:  0.009600315243005753
---- testing epoch 0 ----
epoch 0
mix_auc: 0.6152914128291491
domain auc: 0.6133050302036986 0.6188787098955828 0.5959742388363306
18
19
20
loss:  0.7570003867149353
domain_loss:  [0.29536402225494385, 0.16811341047286987, 0.003169025992974639]
domain_orth_loss:  [0.0, 1.2099565793732836e-09, 1.1184170858316231e-13]
backbone_loss:  0.1399931013584137
bias_loss:  8.622601853858214e-06
orth_loss:  5.35020092229388e-07
concat_loss:  0.1404237300157547
embed_loss:  0.009927906095981598
---- testing epoch 0 ----
epoch 0
mix_auc: 0.6146596374066658
domain auc: 0.614422769121683 0.6197841198694682 0.5966764611270065
21
loss:  0.8818510174751282
domain_loss:  [0.2859204113483429, 0.18288734555244446, 0.0024502372834831476]
domain_orth_loss:  [0.0, 6.601482915868928e-09, 1.7077592408921505e-16]
backbone_loss:  0.20038849115371704
bias_loss:  8.63380864757346e-06
orth_loss:  6.542694791278336e-06
concat_loss:  0.20010347664356232
embed_loss:  0.010085873305797577
---- testing epoch 0 ----
epoch 0
mix_auc: 0.6172105114316521
domain auc: 0.6174113825001674 0.6225993950052372 0.5983947093125542
0
1
2
loss:  0.7365664839744568
domain_loss:  [0.2731155455112457, 0.16654713451862335, 0.0025560869835317135]
domain_orth_loss:  [0.0, 5.326008523098835e-09, 1.5096823861217453e-15]
backbone_loss:  0.1423552930355072
bias_loss:  8.471644832752645e-06
orth_loss:  4.492375865083886e-06
concat_loss:  0.14230547845363617
embed_loss:  0.009673967026174068
---- testing epoch 1 ----
epoch 1
mix_auc: 0.6115758172285298
domain auc: 0.610879161799969 0.6159994422602938 0.5953841592236582
3
4
5
loss:  0.6959730386734009
domain_loss:  [0.26622357964515686, 0.15333333611488342, 0.0030551906675100327]
domain_orth_loss:  [0.0, 3.9642791271887745e-09, 7.419532924244493e-14]
backbone_loss:  0.13153521716594696
bias_loss:  8.30672615848016e-06
orth_loss:  9.121424726643568e-10
concat_loss:  0.13129012286663055
embed_loss:  0.010527231730520725
---- testing epoch 1 ----
epoch 1
mix_auc: 0.6149571868380744
domain auc: 0.6128770259988174 0.6177514822366261 0.5965033549541625
6
7
8
loss:  0.7084856629371643
domain_loss:  [0.2537735402584076, 0.15710699558258057, 0.003720981767401099]
domain_orth_loss:  [0.0, 4.605722025985415e-09, 4.2678490949632497e-13]
backbone_loss:  0.14159615337848663
bias_loss:  8.32655859994702e-06
orth_loss:  6.233597105165245e-08
concat_loss:  0.14126898348331451
embed_loss:  0.01101065892726183
---- testing epoch 1 ----
epoch 1
mix_auc: 0.6144541252159957
domain auc: 0.6128007767133756 0.6177347089130176 0.5978635718585333
9
10
11
loss:  0.735855758190155
domain_loss:  [0.25343233346939087, 0.1524769514799118, 0.0027504595927894115]
domain_orth_loss:  [0.0, 5.744608788660344e-09, 3.280337427472718e-13]
backbone_loss:  0.1584593653678894
bias_loss:  8.215818525059149e-06
orth_loss:  7.582905254821526e-07
concat_loss:  0.1570698618888855
embed_loss:  0.011657784692943096
---- testing epoch 1 ----
epoch 1
mix_auc: 0.6140149868168118
domain auc: 0.612865698116884 0.616870602905483 0.5951787240350548
12
13
14
loss:  0.7268316745758057
domain_loss:  [0.2451123595237732, 0.15294894576072693, 0.0034919835161417723]
domain_orth_loss:  [0.0, 1.8170165816400186e-08, 2.901515020001938e-13]
backbone_loss:  0.15677142143249512
bias_loss:  8.207055543607567e-06
orth_loss:  1.9448815891109916e-08
concat_loss:  0.15640857815742493
embed_loss:  0.012090080417692661
---- testing epoch 1 ----
epoch 1
mix_auc: 0.6098696197694408
domain auc: 0.6081405731319015 0.6123820592003087 0.5926331831799294
15
16
17
loss:  0.7189016938209534
domain_loss:  [0.2401769757270813, 0.14835838973522186, 0.003112487494945526]
domain_orth_loss:  [0.0, 9.027727010391118e-09, 7.204946290895314e-17]
backbone_loss:  0.15754356980323792
bias_loss:  8.155099749274086e-06
orth_loss:  1.7032010646289564e-07
concat_loss:  0.15712343156337738
embed_loss:  0.012578487396240234
---- testing epoch 1 ----
epoch 1
mix_auc: 0.6163060074629287
domain auc: 0.6144597868926975 0.6190405401325654 0.598121831122376
18
19
20
loss:  0.6808946132659912
domain_loss:  [0.23169532418251038, 0.14639191329479218, 0.0017886111745610833]
domain_orth_loss:  [0.0, 9.367400188864394e-09, 2.2878524017972183e-16]
backbone_loss:  0.14395584166049957
bias_loss:  8.058698767854366e-06
orth_loss:  1.3487917271959304e-07
concat_loss:  0.14401374757289886
embed_loss:  0.01304103247821331
---- testing epoch 1 ----
epoch 1
mix_auc: 0.6158536035100518
domain auc: 0.613873589731743 0.6187050891279545 0.5978442559310876
21
loss:  0.6543325781822205
domain_loss:  [0.23498232662677765, 0.13819921016693115, 0.002115558832883835]
domain_orth_loss:  [0.0, 1.0452286147710765e-08, 3.236497224737289e-12]
backbone_loss:  0.1330883800983429
bias_loss:  7.97155371401459e-06
orth_loss:  9.746138829314077e-08
concat_loss:  0.1328456550836563
embed_loss:  0.013093420304358006
---- testing epoch 1 ----
epoch 1
mix_auc: 0.6181634228256493
domain auc: 0.6162952458261128 0.6208646190138372 0.5989504832890156
auc:  0.6172105114316521
--------------------
